<?xml version="1.0" encoding="UTF-8"?>
<!-- Generated by org.testng.reporters.JUnitXMLReporter -->
<testsuite hostname="DESKTOP-UCE1VUJ" ignored="0" tests="0" failures="0" timestamp="28 Nov 2022 07:19:44 GMT" time="0.04" errors="0">
  <testcase name="@AfterTest afterTest" time="0.02" classname="com.obsqura.scripts.Base">
    <failure type="java.lang.NullPointerException">
      <![CDATA[java.lang.NullPointerException
at com.obsqura.scripts.Base.afterTest(Base.java:54)
... Removed 24 stack frames]]>
    </failure>
  </testcase> <!-- @AfterTest afterTest -->
</testsuite>
